SF:lib\screens\home_screen.dart
DA:10,1
DA:12,1
DA:14,2
DA:15,3
DA:17,1
DA:18,1
DA:19,2
DA:21,1
DA:23,1
DA:24,1
DA:25,1
DA:28,1
DA:29,1
DA:36,0
DA:38,0
DA:40,0
DA:41,0
DA:43,0
DA:51,1
DA:52,1
DA:54,3
DA:67,1
DA:69,1
DA:71,1
DA:72,1
DA:74,1
DA:75,1
DA:76,1
DA:77,1
DA:78,1
DA:80,1
DA:81,1
DA:82,4
DA:83,3
DA:85,1
DA:89,4
DA:90,0
DA:96,1
DA:98,1
DA:102,2
DA:106,1
DA:108,1
DA:109,3
DA:120,0
DA:121,0
DA:129,1
DA:130,1
DA:132,1
DA:133,1
DA:134,1
DA:135,1
DA:136,1
DA:137,1
DA:138,6
DA:139,1
DA:140,3
DA:141,0
DA:142,0
DA:143,0
DA:144,0
DA:145,2
DA:147,5
DA:148,0
DA:155,1
DA:157,3
DA:158,0
DA:159,0
DA:161,0
DA:162,0
DA:166,1
DA:167,2
DA:169,2
DA:170,2
DA:182,2
DA:184,0
DA:185,0
DA:186,0
DA:202,1
DA:207,1
DA:209,1
DA:210,1
DA:212,1
DA:213,2
DA:214,0
DA:218,0
DA:219,0
DA:221,0
DA:236,1
DA:243,1
DA:244,1
DA:250,1
DA:252,1
DA:253,7
DA:254,2
DA:256,3
DA:257,4
DA:262,0
DA:264,0
DA:265,0
DA:266,0
DA:267,0
DA:269,0
DA:270,0
DA:271,0
DA:272,0
DA:278,1
DA:280,2
DA:281,1
DA:283,1
DA:286,1
DA:288,1
DA:289,2
DA:290,2
DA:291,2
DA:292,2
DA:293,1
LF:116
LH:83
end_of_record
SF:lib\state\solver_state.dart
DA:9,0
DA:11,0
DA:13,0
DA:15,0
DA:25,1
DA:27,0
DA:28,0
DA:29,0
DA:41,1
DA:49,0
DA:56,0
DA:57,0
DA:58,0
DA:59,0
DA:60,0
DA:69,1
DA:70,1
DA:71,1
DA:73,1
DA:74,1
DA:76,1
DA:85,0
DA:86,0
DA:87,0
DA:88,0
DA:90,0
DA:93,0
DA:94,0
DA:100,0
DA:101,0
DA:102,0
DA:107,0
DA:108,0
DA:109,0
DA:114,0
DA:115,0
DA:116,0
DA:117,0
DA:118,0
DA:120,0
DA:123,0
DA:124,0
DA:125,0
DA:126,0
DA:130,0
DA:131,0
DA:133,0
DA:134,0
DA:135,0
DA:136,0
DA:137,0
DA:138,0
DA:139,0
DA:140,0
DA:142,0
DA:143,0
DA:146,0
DA:148,0
DA:149,0
DA:150,0
DA:152,0
DA:154,0
DA:155,0
DA:156,0
DA:157,0
DA:158,0
DA:160,0
DA:162,0
DA:165,0
DA:166,0
DA:168,0
DA:171,0
DA:173,0
DA:174,0
DA:175,0
DA:181,0
DA:182,0
DA:183,0
DA:184,0
DA:186,0
DA:188,0
DA:191,0
DA:193,0
DA:194,0
DA:195,0
DA:198,0
DA:200,0
DA:201,0
DA:206,0
DA:207,0
DA:208,0
DA:211,0
DA:214,0
DA:217,0
DA:225,3
DA:226,0
DA:229,2
DA:230,2
DA:231,2
DA:232,1
LF:100
LH:13
end_of_record
SF:lib\models\solver_models.dart
DA:9,1
DA:15,0
DA:16,0
DA:17,0
DA:18,0
DA:19,0
DA:23,0
DA:24,0
DA:25,0
DA:26,0
DA:35,0
DA:36,0
DA:38,0
DA:46,0
DA:48,0
DA:49,0
DA:50,0
DA:51,0
DA:65,0
DA:74,0
DA:75,0
DA:76,0
DA:77,0
DA:78,0
DA:80,0
DA:82,0
DA:83,0
DA:84,0
DA:86,0
DA:87,0
DA:88,0
DA:89,0
DA:90,0
DA:92,0
DA:93,0
DA:94,0
DA:98,0
DA:101,0
DA:103,0
DA:104,0
DA:105,0
DA:106,0
LF:42
LH:1
end_of_record
SF:lib\repositories\solver_repository.dart
DA:8,0
DA:9,0
DA:11,0
DA:15,0
DA:16,0
DA:17,0
DA:18,0
DA:21,0
DA:22,0
DA:23,0
LF:10
LH:0
end_of_record
SF:lib\widgets\solver\feedback_row.dart
DA:13,1
DA:22,1
DA:26,9
DA:27,1
DA:29,1
DA:33,1
DA:34,4
DA:35,1
DA:36,3
DA:37,3
DA:38,0
DA:39,0
DA:40,0
DA:42,2
DA:43,4
DA:44,0
DA:46,1
LF:17
LH:13
end_of_record
SF:lib\widgets\solver\recommendations_panel.dart
DA:9,1
DA:15,1
DA:17,1
DA:21,0
DA:23,0
DA:25,0
DA:26,0
DA:27,0
DA:28,0
DA:31,0
DA:34,0
DA:35,0
DA:36,0
DA:37,0
DA:38,0
DA:41,0
DA:44,0
DA:45,0
DA:46,0
DA:49,0
DA:51,0
DA:53,0
DA:54,0
DA:55,0
DA:56,0
DA:58,0
DA:61,0
DA:64,0
DA:66,0
DA:68,0
DA:71,0
DA:72,0
DA:73,0
DA:74,0
DA:75,0
DA:78,0
LF:36
LH:3
end_of_record
SF:lib\widgets\solver\feedback_tile.dart
DA:17,1
DA:30,1
DA:31,1
DA:32,1
DA:34,1
DA:36,1
DA:37,3
DA:41,1
DA:42,1
DA:43,1
DA:44,1
DA:46,1
DA:47,3
DA:51,1
DA:53,3
DA:54,1
DA:55,1
DA:56,0
DA:57,0
DA:58,0
DA:59,0
DA:60,0
DA:65,1
DA:70,1
DA:71,1
DA:72,2
DA:76,0
DA:77,0
DA:78,0
DA:79,0
DA:85,1
DA:86,1
DA:87,1
DA:88,1
DA:89,1
DA:90,1
DA:91,1
DA:92,1
DA:93,1
DA:94,3
DA:101,1
DA:102,1
DA:104,1
DA:105,1
LF:44
LH:35
end_of_record
